[0.304s] DEBUG:colcon:Command line arguments: ['/usr/bin/colcon', 'list', '-n']
[0.304s] DEBUG:colcon:Parsed command line arguments: Namespace(allow_overriding=[], base_paths=['.'], build_base='build', ignore_user_meta=False, log_base=None, log_level=None, main=<bound method ListVerb.main of <colcon_package_information.verb.list.ListVerb object at 0x7f23a055f6a0>>, metas=['./colcon.meta'], names_only=True, packages_above=None, packages_above_and_dependencies=None, packages_above_depth=None, packages_end=None, packages_ignore=None, packages_ignore_regex=None, packages_select=None, packages_select_build_failed=False, packages_select_by_dep=None, packages_select_regex=None, packages_select_test_failures=False, packages_skip=None, packages_skip_build_finished=False, packages_skip_by_dep=None, packages_skip_regex=None, packages_skip_test_passed=False, packages_skip_up_to=None, packages_start=None, packages_up_to=None, packages_up_to_regex=None, paths=None, paths_only=False, topological_graph=False, topological_graph_density=False, topological_graph_dot=False, topological_graph_dot_cluster=False, topological_graph_dot_include_skipped=False, topological_graph_legend=False, topological_order=False, verb_extension=<colcon_package_information.verb.list.ListVerb object at 0x7f23a055f6a0>, verb_name='list', verb_parser=<colcon_defaults.argument_parser.defaults.DefaultArgumentsDecorator object at 0x7f23a04fbe50>)
[0.338s] Level 1:colcon.colcon_core.package_discovery:discover_packages(colcon_meta) check parameters
[0.339s] Level 1:colcon.colcon_core.package_discovery:discover_packages(recursive) check parameters
[0.339s] Level 1:colcon.colcon_core.package_discovery:discover_packages(ignore) check parameters
[0.339s] Level 1:colcon.colcon_core.package_discovery:discover_packages(path) check parameters
[0.339s] Level 1:colcon.colcon_core.package_discovery:discover_packages(colcon_meta) discover
[0.339s] Level 1:colcon.colcon_core.package_discovery:discover_packages(recursive) discover
[0.339s] INFO:colcon.colcon_core.package_discovery:Crawling recursively for packages in '/home/siyuan/workspace/edmundwsy.github.io'
[0.339s] Level 1:colcon.colcon_core.package_identification:_identify(.) by extensions ['ignore', 'ignore_ament_install']
[0.339s] Level 1:colcon.colcon_core.package_identification:_identify(.) by extension 'ignore'
[0.339s] Level 1:colcon.colcon_core.package_identification:_identify(.) by extension 'ignore_ament_install'
[0.339s] Level 1:colcon.colcon_core.package_identification:_identify(.) by extensions ['colcon_pkg']
[0.339s] Level 1:colcon.colcon_core.package_identification:_identify(.) by extension 'colcon_pkg'
[0.339s] Level 1:colcon.colcon_core.package_identification:_identify(.) by extensions ['colcon_meta']
[0.339s] Level 1:colcon.colcon_core.package_identification:_identify(.) by extension 'colcon_meta'
[0.339s] Level 1:colcon.colcon_core.package_identification:_identify(.) by extensions ['ros']
[0.339s] Level 1:colcon.colcon_core.package_identification:_identify(.) by extension 'ros'
[0.351s] Level 1:colcon.colcon_core.package_identification:_identify(.) by extensions ['cmake', 'python']
[0.351s] Level 1:colcon.colcon_core.package_identification:_identify(.) by extension 'cmake'
[0.352s] Level 1:colcon.colcon_core.package_identification:_identify(.) by extension 'python'
[0.352s] Level 1:colcon.colcon_core.package_identification:_identify(.) by extensions ['python_setup_py']
[0.352s] Level 1:colcon.colcon_core.package_identification:_identify(.) by extension 'python_setup_py'
[0.352s] Level 1:colcon.colcon_core.package_identification:_identify(_bibliography) by extensions ['ignore', 'ignore_ament_install']
[0.352s] Level 1:colcon.colcon_core.package_identification:_identify(_bibliography) by extension 'ignore'
[0.352s] Level 1:colcon.colcon_core.package_identification:_identify(_bibliography) by extension 'ignore_ament_install'
[0.352s] Level 1:colcon.colcon_core.package_identification:_identify(_bibliography) by extensions ['colcon_pkg']
[0.352s] Level 1:colcon.colcon_core.package_identification:_identify(_bibliography) by extension 'colcon_pkg'
[0.352s] Level 1:colcon.colcon_core.package_identification:_identify(_bibliography) by extensions ['colcon_meta']
[0.352s] Level 1:colcon.colcon_core.package_identification:_identify(_bibliography) by extension 'colcon_meta'
[0.352s] Level 1:colcon.colcon_core.package_identification:_identify(_bibliography) by extensions ['ros']
[0.352s] Level 1:colcon.colcon_core.package_identification:_identify(_bibliography) by extension 'ros'
[0.352s] Level 1:colcon.colcon_core.package_identification:_identify(_bibliography) by extensions ['cmake', 'python']
[0.352s] Level 1:colcon.colcon_core.package_identification:_identify(_bibliography) by extension 'cmake'
[0.352s] Level 1:colcon.colcon_core.package_identification:_identify(_bibliography) by extension 'python'
[0.352s] Level 1:colcon.colcon_core.package_identification:_identify(_bibliography) by extensions ['python_setup_py']
[0.352s] Level 1:colcon.colcon_core.package_identification:_identify(_bibliography) by extension 'python_setup_py'
[0.352s] Level 1:colcon.colcon_core.package_identification:_identify(_data) by extensions ['ignore', 'ignore_ament_install']
[0.352s] Level 1:colcon.colcon_core.package_identification:_identify(_data) by extension 'ignore'
[0.352s] Level 1:colcon.colcon_core.package_identification:_identify(_data) by extension 'ignore_ament_install'
[0.352s] Level 1:colcon.colcon_core.package_identification:_identify(_data) by extensions ['colcon_pkg']
[0.352s] Level 1:colcon.colcon_core.package_identification:_identify(_data) by extension 'colcon_pkg'
[0.352s] Level 1:colcon.colcon_core.package_identification:_identify(_data) by extensions ['colcon_meta']
[0.352s] Level 1:colcon.colcon_core.package_identification:_identify(_data) by extension 'colcon_meta'
[0.352s] Level 1:colcon.colcon_core.package_identification:_identify(_data) by extensions ['ros']
[0.353s] Level 1:colcon.colcon_core.package_identification:_identify(_data) by extension 'ros'
[0.353s] Level 1:colcon.colcon_core.package_identification:_identify(_data) by extensions ['cmake', 'python']
[0.353s] Level 1:colcon.colcon_core.package_identification:_identify(_data) by extension 'cmake'
[0.353s] Level 1:colcon.colcon_core.package_identification:_identify(_data) by extension 'python'
[0.353s] Level 1:colcon.colcon_core.package_identification:_identify(_data) by extensions ['python_setup_py']
[0.353s] Level 1:colcon.colcon_core.package_identification:_identify(_data) by extension 'python_setup_py'
[0.353s] Level 1:colcon.colcon_core.package_identification:_identify(_includes) by extensions ['ignore', 'ignore_ament_install']
[0.353s] Level 1:colcon.colcon_core.package_identification:_identify(_includes) by extension 'ignore'
[0.353s] Level 1:colcon.colcon_core.package_identification:_identify(_includes) by extension 'ignore_ament_install'
[0.353s] Level 1:colcon.colcon_core.package_identification:_identify(_includes) by extensions ['colcon_pkg']
[0.353s] Level 1:colcon.colcon_core.package_identification:_identify(_includes) by extension 'colcon_pkg'
[0.353s] Level 1:colcon.colcon_core.package_identification:_identify(_includes) by extensions ['colcon_meta']
[0.353s] Level 1:colcon.colcon_core.package_identification:_identify(_includes) by extension 'colcon_meta'
[0.353s] Level 1:colcon.colcon_core.package_identification:_identify(_includes) by extensions ['ros']
[0.353s] Level 1:colcon.colcon_core.package_identification:_identify(_includes) by extension 'ros'
[0.353s] Level 1:colcon.colcon_core.package_identification:_identify(_includes) by extensions ['cmake', 'python']
[0.353s] Level 1:colcon.colcon_core.package_identification:_identify(_includes) by extension 'cmake'
[0.353s] Level 1:colcon.colcon_core.package_identification:_identify(_includes) by extension 'python'
[0.353s] Level 1:colcon.colcon_core.package_identification:_identify(_includes) by extensions ['python_setup_py']
[0.353s] Level 1:colcon.colcon_core.package_identification:_identify(_includes) by extension 'python_setup_py'
[0.353s] Level 1:colcon.colcon_core.package_identification:_identify(_includes/scripts) by extensions ['ignore', 'ignore_ament_install']
[0.353s] Level 1:colcon.colcon_core.package_identification:_identify(_includes/scripts) by extension 'ignore'
[0.353s] Level 1:colcon.colcon_core.package_identification:_identify(_includes/scripts) by extension 'ignore_ament_install'
[0.353s] Level 1:colcon.colcon_core.package_identification:_identify(_includes/scripts) by extensions ['colcon_pkg']
[0.353s] Level 1:colcon.colcon_core.package_identification:_identify(_includes/scripts) by extension 'colcon_pkg'
[0.353s] Level 1:colcon.colcon_core.package_identification:_identify(_includes/scripts) by extensions ['colcon_meta']
[0.353s] Level 1:colcon.colcon_core.package_identification:_identify(_includes/scripts) by extension 'colcon_meta'
[0.354s] Level 1:colcon.colcon_core.package_identification:_identify(_includes/scripts) by extensions ['ros']
[0.354s] Level 1:colcon.colcon_core.package_identification:_identify(_includes/scripts) by extension 'ros'
[0.354s] Level 1:colcon.colcon_core.package_identification:_identify(_includes/scripts) by extensions ['cmake', 'python']
[0.354s] Level 1:colcon.colcon_core.package_identification:_identify(_includes/scripts) by extension 'cmake'
[0.354s] Level 1:colcon.colcon_core.package_identification:_identify(_includes/scripts) by extension 'python'
[0.354s] Level 1:colcon.colcon_core.package_identification:_identify(_includes/scripts) by extensions ['python_setup_py']
[0.354s] Level 1:colcon.colcon_core.package_identification:_identify(_includes/scripts) by extension 'python_setup_py'
[0.354s] Level 1:colcon.colcon_core.package_identification:_identify(_layouts) by extensions ['ignore', 'ignore_ament_install']
[0.354s] Level 1:colcon.colcon_core.package_identification:_identify(_layouts) by extension 'ignore'
[0.354s] Level 1:colcon.colcon_core.package_identification:_identify(_layouts) by extension 'ignore_ament_install'
[0.354s] Level 1:colcon.colcon_core.package_identification:_identify(_layouts) by extensions ['colcon_pkg']
[0.354s] Level 1:colcon.colcon_core.package_identification:_identify(_layouts) by extension 'colcon_pkg'
[0.354s] Level 1:colcon.colcon_core.package_identification:_identify(_layouts) by extensions ['colcon_meta']
[0.354s] Level 1:colcon.colcon_core.package_identification:_identify(_layouts) by extension 'colcon_meta'
[0.354s] Level 1:colcon.colcon_core.package_identification:_identify(_layouts) by extensions ['ros']
[0.354s] Level 1:colcon.colcon_core.package_identification:_identify(_layouts) by extension 'ros'
[0.354s] Level 1:colcon.colcon_core.package_identification:_identify(_layouts) by extensions ['cmake', 'python']
[0.354s] Level 1:colcon.colcon_core.package_identification:_identify(_layouts) by extension 'cmake'
[0.354s] Level 1:colcon.colcon_core.package_identification:_identify(_layouts) by extension 'python'
[0.354s] Level 1:colcon.colcon_core.package_identification:_identify(_layouts) by extensions ['python_setup_py']
[0.354s] Level 1:colcon.colcon_core.package_identification:_identify(_layouts) by extension 'python_setup_py'
[0.354s] Level 1:colcon.colcon_core.package_identification:_identify(_news) by extensions ['ignore', 'ignore_ament_install']
[0.355s] Level 1:colcon.colcon_core.package_identification:_identify(_news) by extension 'ignore'
[0.355s] Level 1:colcon.colcon_core.package_identification:_identify(_news) by extension 'ignore_ament_install'
[0.355s] Level 1:colcon.colcon_core.package_identification:_identify(_news) by extensions ['colcon_pkg']
[0.355s] Level 1:colcon.colcon_core.package_identification:_identify(_news) by extension 'colcon_pkg'
[0.355s] Level 1:colcon.colcon_core.package_identification:_identify(_news) by extensions ['colcon_meta']
[0.355s] Level 1:colcon.colcon_core.package_identification:_identify(_news) by extension 'colcon_meta'
[0.355s] Level 1:colcon.colcon_core.package_identification:_identify(_news) by extensions ['ros']
[0.355s] Level 1:colcon.colcon_core.package_identification:_identify(_news) by extension 'ros'
[0.355s] Level 1:colcon.colcon_core.package_identification:_identify(_news) by extensions ['cmake', 'python']
[0.355s] Level 1:colcon.colcon_core.package_identification:_identify(_news) by extension 'cmake'
[0.355s] Level 1:colcon.colcon_core.package_identification:_identify(_news) by extension 'python'
[0.355s] Level 1:colcon.colcon_core.package_identification:_identify(_news) by extensions ['python_setup_py']
[0.355s] Level 1:colcon.colcon_core.package_identification:_identify(_news) by extension 'python_setup_py'
[0.355s] Level 1:colcon.colcon_core.package_identification:_identify(_pages) by extensions ['ignore', 'ignore_ament_install']
[0.355s] Level 1:colcon.colcon_core.package_identification:_identify(_pages) by extension 'ignore'
[0.355s] Level 1:colcon.colcon_core.package_identification:_identify(_pages) by extension 'ignore_ament_install'
[0.355s] Level 1:colcon.colcon_core.package_identification:_identify(_pages) by extensions ['colcon_pkg']
[0.355s] Level 1:colcon.colcon_core.package_identification:_identify(_pages) by extension 'colcon_pkg'
[0.355s] Level 1:colcon.colcon_core.package_identification:_identify(_pages) by extensions ['colcon_meta']
[0.355s] Level 1:colcon.colcon_core.package_identification:_identify(_pages) by extension 'colcon_meta'
[0.355s] Level 1:colcon.colcon_core.package_identification:_identify(_pages) by extensions ['ros']
[0.355s] Level 1:colcon.colcon_core.package_identification:_identify(_pages) by extension 'ros'
[0.355s] Level 1:colcon.colcon_core.package_identification:_identify(_pages) by extensions ['cmake', 'python']
[0.355s] Level 1:colcon.colcon_core.package_identification:_identify(_pages) by extension 'cmake'
[0.355s] Level 1:colcon.colcon_core.package_identification:_identify(_pages) by extension 'python'
[0.355s] Level 1:colcon.colcon_core.package_identification:_identify(_pages) by extensions ['python_setup_py']
[0.355s] Level 1:colcon.colcon_core.package_identification:_identify(_pages) by extension 'python_setup_py'
[0.355s] Level 1:colcon.colcon_core.package_identification:_identify(_projects) by extensions ['ignore', 'ignore_ament_install']
[0.355s] Level 1:colcon.colcon_core.package_identification:_identify(_projects) by extension 'ignore'
[0.356s] Level 1:colcon.colcon_core.package_identification:_identify(_projects) by extension 'ignore_ament_install'
[0.356s] Level 1:colcon.colcon_core.package_identification:_identify(_projects) by extensions ['colcon_pkg']
[0.356s] Level 1:colcon.colcon_core.package_identification:_identify(_projects) by extension 'colcon_pkg'
[0.356s] Level 1:colcon.colcon_core.package_identification:_identify(_projects) by extensions ['colcon_meta']
[0.356s] Level 1:colcon.colcon_core.package_identification:_identify(_projects) by extension 'colcon_meta'
[0.356s] Level 1:colcon.colcon_core.package_identification:_identify(_projects) by extensions ['ros']
[0.356s] Level 1:colcon.colcon_core.package_identification:_identify(_projects) by extension 'ros'
[0.356s] Level 1:colcon.colcon_core.package_identification:_identify(_projects) by extensions ['cmake', 'python']
[0.356s] Level 1:colcon.colcon_core.package_identification:_identify(_projects) by extension 'cmake'
[0.356s] Level 1:colcon.colcon_core.package_identification:_identify(_projects) by extension 'python'
[0.356s] Level 1:colcon.colcon_core.package_identification:_identify(_projects) by extensions ['python_setup_py']
[0.356s] Level 1:colcon.colcon_core.package_identification:_identify(_projects) by extension 'python_setup_py'
[0.356s] Level 1:colcon.colcon_core.package_identification:_identify(_sass) by extensions ['ignore', 'ignore_ament_install']
[0.356s] Level 1:colcon.colcon_core.package_identification:_identify(_sass) by extension 'ignore'
[0.356s] Level 1:colcon.colcon_core.package_identification:_identify(_sass) by extension 'ignore_ament_install'
[0.356s] Level 1:colcon.colcon_core.package_identification:_identify(_sass) by extensions ['colcon_pkg']
[0.356s] Level 1:colcon.colcon_core.package_identification:_identify(_sass) by extension 'colcon_pkg'
[0.356s] Level 1:colcon.colcon_core.package_identification:_identify(_sass) by extensions ['colcon_meta']
[0.356s] Level 1:colcon.colcon_core.package_identification:_identify(_sass) by extension 'colcon_meta'
[0.356s] Level 1:colcon.colcon_core.package_identification:_identify(_sass) by extensions ['ros']
[0.356s] Level 1:colcon.colcon_core.package_identification:_identify(_sass) by extension 'ros'
[0.356s] Level 1:colcon.colcon_core.package_identification:_identify(_sass) by extensions ['cmake', 'python']
[0.356s] Level 1:colcon.colcon_core.package_identification:_identify(_sass) by extension 'cmake'
[0.356s] Level 1:colcon.colcon_core.package_identification:_identify(_sass) by extension 'python'
[0.356s] Level 1:colcon.colcon_core.package_identification:_identify(_sass) by extensions ['python_setup_py']
[0.356s] Level 1:colcon.colcon_core.package_identification:_identify(_sass) by extension 'python_setup_py'
[0.356s] Level 1:colcon.colcon_core.package_identification:_identify(assets) by extensions ['ignore', 'ignore_ament_install']
[0.356s] Level 1:colcon.colcon_core.package_identification:_identify(assets) by extension 'ignore'
[0.357s] Level 1:colcon.colcon_core.package_identification:_identify(assets) by extension 'ignore_ament_install'
[0.357s] Level 1:colcon.colcon_core.package_identification:_identify(assets) by extensions ['colcon_pkg']
[0.357s] Level 1:colcon.colcon_core.package_identification:_identify(assets) by extension 'colcon_pkg'
[0.357s] Level 1:colcon.colcon_core.package_identification:_identify(assets) by extensions ['colcon_meta']
[0.357s] Level 1:colcon.colcon_core.package_identification:_identify(assets) by extension 'colcon_meta'
[0.357s] Level 1:colcon.colcon_core.package_identification:_identify(assets) by extensions ['ros']
[0.357s] Level 1:colcon.colcon_core.package_identification:_identify(assets) by extension 'ros'
[0.357s] Level 1:colcon.colcon_core.package_identification:_identify(assets) by extensions ['cmake', 'python']
[0.357s] Level 1:colcon.colcon_core.package_identification:_identify(assets) by extension 'cmake'
[0.357s] Level 1:colcon.colcon_core.package_identification:_identify(assets) by extension 'python'
[0.357s] Level 1:colcon.colcon_core.package_identification:_identify(assets) by extensions ['python_setup_py']
[0.357s] Level 1:colcon.colcon_core.package_identification:_identify(assets) by extension 'python_setup_py'
[0.357s] Level 1:colcon.colcon_core.package_identification:_identify(assets/bibliography) by extensions ['ignore', 'ignore_ament_install']
[0.357s] Level 1:colcon.colcon_core.package_identification:_identify(assets/bibliography) by extension 'ignore'
[0.357s] Level 1:colcon.colcon_core.package_identification:_identify(assets/bibliography) by extension 'ignore_ament_install'
[0.357s] Level 1:colcon.colcon_core.package_identification:_identify(assets/bibliography) by extensions ['colcon_pkg']
[0.357s] Level 1:colcon.colcon_core.package_identification:_identify(assets/bibliography) by extension 'colcon_pkg'
[0.357s] Level 1:colcon.colcon_core.package_identification:_identify(assets/bibliography) by extensions ['colcon_meta']
[0.357s] Level 1:colcon.colcon_core.package_identification:_identify(assets/bibliography) by extension 'colcon_meta'
[0.357s] Level 1:colcon.colcon_core.package_identification:_identify(assets/bibliography) by extensions ['ros']
[0.357s] Level 1:colcon.colcon_core.package_identification:_identify(assets/bibliography) by extension 'ros'
[0.357s] Level 1:colcon.colcon_core.package_identification:_identify(assets/bibliography) by extensions ['cmake', 'python']
[0.357s] Level 1:colcon.colcon_core.package_identification:_identify(assets/bibliography) by extension 'cmake'
[0.357s] Level 1:colcon.colcon_core.package_identification:_identify(assets/bibliography) by extension 'python'
[0.357s] Level 1:colcon.colcon_core.package_identification:_identify(assets/bibliography) by extensions ['python_setup_py']
[0.357s] Level 1:colcon.colcon_core.package_identification:_identify(assets/bibliography) by extension 'python_setup_py'
[0.357s] Level 1:colcon.colcon_core.package_identification:_identify(assets/css) by extensions ['ignore', 'ignore_ament_install']
[0.357s] Level 1:colcon.colcon_core.package_identification:_identify(assets/css) by extension 'ignore'
[0.358s] Level 1:colcon.colcon_core.package_identification:_identify(assets/css) by extension 'ignore_ament_install'
[0.358s] Level 1:colcon.colcon_core.package_identification:_identify(assets/css) by extensions ['colcon_pkg']
[0.358s] Level 1:colcon.colcon_core.package_identification:_identify(assets/css) by extension 'colcon_pkg'
[0.358s] Level 1:colcon.colcon_core.package_identification:_identify(assets/css) by extensions ['colcon_meta']
[0.358s] Level 1:colcon.colcon_core.package_identification:_identify(assets/css) by extension 'colcon_meta'
[0.358s] Level 1:colcon.colcon_core.package_identification:_identify(assets/css) by extensions ['ros']
[0.358s] Level 1:colcon.colcon_core.package_identification:_identify(assets/css) by extension 'ros'
[0.358s] Level 1:colcon.colcon_core.package_identification:_identify(assets/css) by extensions ['cmake', 'python']
[0.358s] Level 1:colcon.colcon_core.package_identification:_identify(assets/css) by extension 'cmake'
[0.358s] Level 1:colcon.colcon_core.package_identification:_identify(assets/css) by extension 'python'
[0.358s] Level 1:colcon.colcon_core.package_identification:_identify(assets/css) by extensions ['python_setup_py']
[0.358s] Level 1:colcon.colcon_core.package_identification:_identify(assets/css) by extension 'python_setup_py'
[0.358s] Level 1:colcon.colcon_core.package_identification:_identify(assets/img) by extensions ['ignore', 'ignore_ament_install']
[0.358s] Level 1:colcon.colcon_core.package_identification:_identify(assets/img) by extension 'ignore'
[0.358s] Level 1:colcon.colcon_core.package_identification:_identify(assets/img) by extension 'ignore_ament_install'
[0.358s] Level 1:colcon.colcon_core.package_identification:_identify(assets/img) by extensions ['colcon_pkg']
[0.358s] Level 1:colcon.colcon_core.package_identification:_identify(assets/img) by extension 'colcon_pkg'
[0.358s] Level 1:colcon.colcon_core.package_identification:_identify(assets/img) by extensions ['colcon_meta']
[0.358s] Level 1:colcon.colcon_core.package_identification:_identify(assets/img) by extension 'colcon_meta'
[0.358s] Level 1:colcon.colcon_core.package_identification:_identify(assets/img) by extensions ['ros']
[0.358s] Level 1:colcon.colcon_core.package_identification:_identify(assets/img) by extension 'ros'
[0.358s] Level 1:colcon.colcon_core.package_identification:_identify(assets/img) by extensions ['cmake', 'python']
[0.358s] Level 1:colcon.colcon_core.package_identification:_identify(assets/img) by extension 'cmake'
[0.358s] Level 1:colcon.colcon_core.package_identification:_identify(assets/img) by extension 'python'
[0.358s] Level 1:colcon.colcon_core.package_identification:_identify(assets/img) by extensions ['python_setup_py']
[0.358s] Level 1:colcon.colcon_core.package_identification:_identify(assets/img) by extension 'python_setup_py'
[0.359s] Level 1:colcon.colcon_core.package_identification:_identify(assets/js) by extensions ['ignore', 'ignore_ament_install']
[0.359s] Level 1:colcon.colcon_core.package_identification:_identify(assets/js) by extension 'ignore'
[0.359s] Level 1:colcon.colcon_core.package_identification:_identify(assets/js) by extension 'ignore_ament_install'
[0.359s] Level 1:colcon.colcon_core.package_identification:_identify(assets/js) by extensions ['colcon_pkg']
[0.359s] Level 1:colcon.colcon_core.package_identification:_identify(assets/js) by extension 'colcon_pkg'
[0.359s] Level 1:colcon.colcon_core.package_identification:_identify(assets/js) by extensions ['colcon_meta']
[0.359s] Level 1:colcon.colcon_core.package_identification:_identify(assets/js) by extension 'colcon_meta'
[0.359s] Level 1:colcon.colcon_core.package_identification:_identify(assets/js) by extensions ['ros']
[0.359s] Level 1:colcon.colcon_core.package_identification:_identify(assets/js) by extension 'ros'
[0.359s] Level 1:colcon.colcon_core.package_identification:_identify(assets/js) by extensions ['cmake', 'python']
[0.359s] Level 1:colcon.colcon_core.package_identification:_identify(assets/js) by extension 'cmake'
[0.359s] Level 1:colcon.colcon_core.package_identification:_identify(assets/js) by extension 'python'
[0.359s] Level 1:colcon.colcon_core.package_identification:_identify(assets/js) by extensions ['python_setup_py']
[0.359s] Level 1:colcon.colcon_core.package_identification:_identify(assets/js) by extension 'python_setup_py'
[0.359s] Level 1:colcon.colcon_core.package_identification:_identify(assets/js/distillpub) by extensions ['ignore', 'ignore_ament_install']
[0.359s] Level 1:colcon.colcon_core.package_identification:_identify(assets/js/distillpub) by extension 'ignore'
[0.359s] Level 1:colcon.colcon_core.package_identification:_identify(assets/js/distillpub) by extension 'ignore_ament_install'
[0.359s] Level 1:colcon.colcon_core.package_identification:_identify(assets/js/distillpub) by extensions ['colcon_pkg']
[0.359s] Level 1:colcon.colcon_core.package_identification:_identify(assets/js/distillpub) by extension 'colcon_pkg'
[0.359s] Level 1:colcon.colcon_core.package_identification:_identify(assets/js/distillpub) by extensions ['colcon_meta']
[0.359s] Level 1:colcon.colcon_core.package_identification:_identify(assets/js/distillpub) by extension 'colcon_meta'
[0.359s] Level 1:colcon.colcon_core.package_identification:_identify(assets/js/distillpub) by extensions ['ros']
[0.359s] Level 1:colcon.colcon_core.package_identification:_identify(assets/js/distillpub) by extension 'ros'
[0.359s] Level 1:colcon.colcon_core.package_identification:_identify(assets/js/distillpub) by extensions ['cmake', 'python']
[0.359s] Level 1:colcon.colcon_core.package_identification:_identify(assets/js/distillpub) by extension 'cmake'
[0.359s] Level 1:colcon.colcon_core.package_identification:_identify(assets/js/distillpub) by extension 'python'
[0.359s] Level 1:colcon.colcon_core.package_identification:_identify(assets/js/distillpub) by extensions ['python_setup_py']
[0.359s] Level 1:colcon.colcon_core.package_identification:_identify(assets/js/distillpub) by extension 'python_setup_py'
[0.360s] Level 1:colcon.colcon_core.package_identification:_identify(assets/pdf) by extensions ['ignore', 'ignore_ament_install']
[0.360s] Level 1:colcon.colcon_core.package_identification:_identify(assets/pdf) by extension 'ignore'
[0.360s] Level 1:colcon.colcon_core.package_identification:_identify(assets/pdf) by extension 'ignore_ament_install'
[0.360s] Level 1:colcon.colcon_core.package_identification:_identify(assets/pdf) by extensions ['colcon_pkg']
[0.360s] Level 1:colcon.colcon_core.package_identification:_identify(assets/pdf) by extension 'colcon_pkg'
[0.360s] Level 1:colcon.colcon_core.package_identification:_identify(assets/pdf) by extensions ['colcon_meta']
[0.360s] Level 1:colcon.colcon_core.package_identification:_identify(assets/pdf) by extension 'colcon_meta'
[0.360s] Level 1:colcon.colcon_core.package_identification:_identify(assets/pdf) by extensions ['ros']
[0.360s] Level 1:colcon.colcon_core.package_identification:_identify(assets/pdf) by extension 'ros'
[0.360s] Level 1:colcon.colcon_core.package_identification:_identify(assets/pdf) by extensions ['cmake', 'python']
[0.360s] Level 1:colcon.colcon_core.package_identification:_identify(assets/pdf) by extension 'cmake'
[0.360s] Level 1:colcon.colcon_core.package_identification:_identify(assets/pdf) by extension 'python'
[0.360s] Level 1:colcon.colcon_core.package_identification:_identify(assets/pdf) by extensions ['python_setup_py']
[0.360s] Level 1:colcon.colcon_core.package_identification:_identify(assets/pdf) by extension 'python_setup_py'
[0.360s] Level 1:colcon.colcon_core.package_identification:_identify(bin) by extensions ['ignore', 'ignore_ament_install']
[0.360s] Level 1:colcon.colcon_core.package_identification:_identify(bin) by extension 'ignore'
[0.360s] Level 1:colcon.colcon_core.package_identification:_identify(bin) by extension 'ignore_ament_install'
[0.360s] Level 1:colcon.colcon_core.package_identification:_identify(bin) by extensions ['colcon_pkg']
[0.360s] Level 1:colcon.colcon_core.package_identification:_identify(bin) by extension 'colcon_pkg'
[0.360s] Level 1:colcon.colcon_core.package_identification:_identify(bin) by extensions ['colcon_meta']
[0.360s] Level 1:colcon.colcon_core.package_identification:_identify(bin) by extension 'colcon_meta'
[0.360s] Level 1:colcon.colcon_core.package_identification:_identify(bin) by extensions ['ros']
[0.360s] Level 1:colcon.colcon_core.package_identification:_identify(bin) by extension 'ros'
[0.360s] Level 1:colcon.colcon_core.package_identification:_identify(bin) by extensions ['cmake', 'python']
[0.360s] Level 1:colcon.colcon_core.package_identification:_identify(bin) by extension 'cmake'
[0.360s] Level 1:colcon.colcon_core.package_identification:_identify(bin) by extension 'python'
[0.361s] Level 1:colcon.colcon_core.package_identification:_identify(bin) by extensions ['python_setup_py']
[0.361s] Level 1:colcon.colcon_core.package_identification:_identify(bin) by extension 'python_setup_py'
[0.361s] Level 1:colcon.colcon_core.package_identification:_identify(blog) by extensions ['ignore', 'ignore_ament_install']
[0.361s] Level 1:colcon.colcon_core.package_identification:_identify(blog) by extension 'ignore'
[0.361s] Level 1:colcon.colcon_core.package_identification:_identify(blog) by extension 'ignore_ament_install'
[0.361s] Level 1:colcon.colcon_core.package_identification:_identify(blog) by extensions ['colcon_pkg']
[0.361s] Level 1:colcon.colcon_core.package_identification:_identify(blog) by extension 'colcon_pkg'
[0.361s] Level 1:colcon.colcon_core.package_identification:_identify(blog) by extensions ['colcon_meta']
[0.361s] Level 1:colcon.colcon_core.package_identification:_identify(blog) by extension 'colcon_meta'
[0.361s] Level 1:colcon.colcon_core.package_identification:_identify(blog) by extensions ['ros']
[0.361s] Level 1:colcon.colcon_core.package_identification:_identify(blog) by extension 'ros'
[0.361s] Level 1:colcon.colcon_core.package_identification:_identify(blog) by extensions ['cmake', 'python']
[0.361s] Level 1:colcon.colcon_core.package_identification:_identify(blog) by extension 'cmake'
[0.361s] Level 1:colcon.colcon_core.package_identification:_identify(blog) by extension 'python'
[0.361s] Level 1:colcon.colcon_core.package_identification:_identify(blog) by extensions ['python_setup_py']
[0.361s] Level 1:colcon.colcon_core.package_identification:_identify(blog) by extension 'python_setup_py'
[0.361s] Level 1:colcon.colcon_core.package_identification:_identify(log) by extensions ['ignore', 'ignore_ament_install']
[0.361s] Level 1:colcon.colcon_core.package_identification:_identify(log) by extension 'ignore'
[0.361s] Level 1:colcon.colcon_core.package_identification:_identify(log) ignored
[0.361s] Level 1:colcon.colcon_core.package_discovery:discover_packages(recursive) using defaults
[0.361s] Level 1:colcon.colcon_core.package_discovery:discover_packages(ignore) discover
[0.361s] Level 1:colcon.colcon_core.package_discovery:discover_packages(ignore) using defaults
[0.361s] Level 1:colcon.colcon_core.package_discovery:discover_packages(path) discover
[0.361s] Level 1:colcon.colcon_core.package_discovery:discover_packages(path) using defaults
